Using pre-set license
Built from '2020.3/staging' branch; Version is '2020.3.17f1 (a4537701e4ab) revision 10769271'; Using compiler version '192528614'; Build Type 'Release'
OS: 'Windows 10 Home; OS build 17134.1304; Version 1803; 64bit' Language: 'en' Physical Memory: 8058 MB
BatchMode: 1, IsHumanControllingUs: 0, StartBugReporterOnCrash: 0, Is64bit: 1, IsPro: 0

COMMAND LINE ARGUMENTS:
C:\Program Files\Unity\Hub\Editor\2020.3.17f1\Editor\Unity.exe
-adb2
-batchMode
-noUpm
-name
AssetImportWorker0
-projectPath
C:/Users/Game Center Admin/Desktop/WalkingSimNew/WalkingSimMain
-logFile
Logs/AssetImportWorker0.log
-srvPort
55841
Successfully changed project path to: C:/Users/Game Center Admin/Desktop/WalkingSimNew/WalkingSimMain
C:/Users/Game Center Admin/Desktop/WalkingSimNew/WalkingSimMain
Using Asset Import Pipeline V2.
Refreshing native plugins compatible for Editor in 47.01 ms, found 2 plugins.
Preloading 0 native plugins for Editor in 0.00 ms.
Initialize engine version: 2020.3.17f1 (a4537701e4ab)
[Subsystems] Discovering subsystems at path C:/Program Files/Unity/Hub/Editor/2020.3.17f1/Editor/Data/Resources/UnitySubsystems
[Subsystems] Discovering subsystems at path C:/Users/Game Center Admin/Desktop/WalkingSimNew/WalkingSimMain/Assets
GfxDevice: creating device client; threaded=0
Direct3D:
    Version:  Direct3D 11.0 [level 11.1]
    Renderer: NVIDIA GeForce GTX 1050 (ID=0x1c8d)
    Vendor:   
    VRAM:     4019 MB
    Driver:   27.21.14.5167
Initialize mono
Mono path[0] = 'C:/Program Files/Unity/Hub/Editor/2020.3.17f1/Editor/Data/Managed'
Mono path[1] = 'C:/Program Files/Unity/Hub/Editor/2020.3.17f1/Editor/Data/MonoBleedingEdge/lib/mono/unityjit'
Mono config path = 'C:/Program Files/Unity/Hub/Editor/2020.3.17f1/Editor/Data/MonoBleedingEdge/etc'
Using monoOptions --debugger-agent=transport=dt_socket,embedding=1,server=y,suspend=n,address=127.0.0.1:56220
Begin MonoManager ReloadAssembly
Registering precompiled unity dll's ...
Register platform support module: C:/Program Files/Unity/Hub/Editor/2020.3.17f1/Editor/Data/PlaybackEngines/WebGLSupport/UnityEditor.WebGL.Extensions.dll
Register platform support module: C:/Program Files/Unity/Hub/Editor/2020.3.17f1/Editor/Data/PlaybackEngines/MacStandaloneSupport/UnityEditor.OSXStandalone.Extensions.dll
Register platform support module: C:/Program Files/Unity/Hub/Editor/2020.3.17f1/Editor/Data/PlaybackEngines/WindowsStandaloneSupport/UnityEditor.WindowsStandalone.Extensions.dll
Registered in 0.002765 seconds.
Native extension for WindowsStandalone target not found
Native extension for OSXStandalone target not found
Native extension for WebGL target not found
Refreshing native plugins compatible for Editor in 42.89 ms, found 2 plugins.
Preloading 0 native plugins for Editor in 0.00 ms.
Mono: successfully reloaded assembly
- Completed reload, in  2.833 seconds
Domain Reload Profiling:
	ReloadAssembly (2833ms)
		BeginReloadAssembly (59ms)
			ExecutionOrderSort (0ms)
			DisableScriptedObjects (0ms)
			BackupInstance (0ms)
			ReleaseScriptingObjects (0ms)
			CreateAndSetChildDomain (1ms)
		EndReloadAssembly (470ms)
			LoadAssemblies (57ms)
			RebuildTransferFunctionScriptingTraits (0ms)
			SetupTypeCache (161ms)
			ReleaseScriptCaches (0ms)
			RebuildScriptCaches (34ms)
			SetupLoadedEditorAssemblies (185ms)
				LogAssemblyErrors (0ms)
				InitializePlatformSupportModulesInManaged (6ms)
				SetLoadedEditorAssemblies (0ms)
				RefreshPlugins (43ms)
				BeforeProcessingInitializeOnLoad (14ms)
				ProcessInitializeOnLoadAttributes (91ms)
				ProcessInitializeOnLoadMethodAttributes (30ms)
				AfterProcessingInitializeOnLoad (0ms)
				EditorAssembliesLoaded (0ms)
			ExecutionOrderSort2 (0ms)
			AwakeInstancesAfterBackupRestoration (0ms)
Platform modules already initialized, skipping
Registering precompiled user dll's ...
Registered in 0.004740 seconds.
Begin MonoManager ReloadAssembly
Native extension for WindowsStandalone target not found
Native extension for OSXStandalone target not found
Native extension for WebGL target not found
Refreshing native plugins compatible for Editor in 0.41 ms, found 2 plugins.
Preloading 0 native plugins for Editor in 0.00 ms.
Mono: successfully reloaded assembly
- Completed reload, in  2.027 seconds
Domain Reload Profiling:
	ReloadAssembly (2027ms)
		BeginReloadAssembly (159ms)
			ExecutionOrderSort (0ms)
			DisableScriptedObjects (5ms)
			BackupInstance (0ms)
			ReleaseScriptingObjects (0ms)
			CreateAndSetChildDomain (20ms)
		EndReloadAssembly (1807ms)
			LoadAssemblies (93ms)
			RebuildTransferFunctionScriptingTraits (0ms)
			SetupTypeCache (306ms)
			ReleaseScriptCaches (0ms)
			RebuildScriptCaches (46ms)
			SetupLoadedEditorAssemblies (1264ms)
				LogAssemblyErrors (0ms)
				InitializePlatformSupportModulesInManaged (7ms)
				SetLoadedEditorAssemblies (0ms)
				RefreshPlugins (0ms)
				BeforeProcessingInitializeOnLoad (113ms)
				ProcessInitializeOnLoadAttributes (1134ms)
				ProcessInitializeOnLoadMethodAttributes (4ms)
				AfterProcessingInitializeOnLoad (6ms)
				EditorAssembliesLoaded (0ms)
			ExecutionOrderSort2 (0ms)
			AwakeInstancesAfterBackupRestoration (6ms)
Platform modules already initialized, skipping
========================================================================
Worker process is ready to serve import requests
Launched and connected shader compiler UnityShaderCompiler.exe after 0.61 seconds
Refreshing native plugins compatible for Editor in 0.40 ms, found 2 plugins.
Preloading 0 native plugins for Editor in 0.00 ms.
Unloading 1799 Unused Serialized files (Serialized files now loaded: 0)
System memory in use before: 177.2 MB.
System memory in use after: 177.3 MB.

Unloading 17 unused Assets to reduce memory usage. Loaded Objects now: 2264.
Total: 4.368817 ms (FindLiveObjects: 0.216205 ms CreateObjectMapping: 0.141128 ms MarkObjects: 3.955279 ms  DeleteObjects: 0.055385 ms)

AssetImportParameters requested are different than current active one (requested -> active):
  custom:framework-win-MediaFoundation: 216162199b28c13a410421893ffa2e32 -> 
  custom:video-decoder-ogg-theora: a1e56fd34408186e4bbccfd4996cb3dc -> 
  custom:container-muxer-webm: aa71ff27fc2769a1b78a27578f13a17b -> 
  custom:container-demuxer-webm: 4f35f7cbe854078d1ac9338744f61a02 -> 
  custom:container-demuxer-ogg: 62fdf1f143b41e24485cea50d1cbac27 -> 
  custom:video-encoder-webm-vp8: eb34c28f22e8b96e1ab97ce403110664 -> 
  custom:video-decoder-webm-vp8: 9c59270c3fd7afecdb556c50c9e8de78 -> 
  custom:audio-decoder-ogg-vorbis: bf7c407c2cedff20999df2af8eb42d56 -> 
  custom:audio-encoder-webm-vorbis: bf7c407c2cedff20999df2af8eb42d56 -> 
========================================================================
Received Import Request.
  path: Assets/Scenes/stage1.unity
  artifactKey: Guid(5f7555ea3577ebe43a89193b0b429743) Importer(815301076,1909f56bfc062723c751e8b465ee728b)
Start importing Assets/Scenes/stage1.unity using Guid(5f7555ea3577ebe43a89193b0b429743) Importer(815301076,1909f56bfc062723c751e8b465ee728b)  -> (artifact id: '3545614cd7eb8e3b78b4a7c2d8680e59') in 0.448269 seconds 
  Import took 0.828799 seconds .

========================================================================
Received Import Request.
  Time since last request: 17.120889 seconds.
  path: Assets/Scenes/stage2.unity
  artifactKey: Guid(98f596b9653dfe84c875fa7006399835) Importer(815301076,1909f56bfc062723c751e8b465ee728b)
Start importing Assets/Scenes/stage2.unity using Guid(98f596b9653dfe84c875fa7006399835) Importer(815301076,1909f56bfc062723c751e8b465ee728b)  -> (artifact id: '9ff80782da3a084a96b67b499009befd') in 0.035126 seconds 
  Import took 0.069563 seconds .

========================================================================
Received Import Request.
  Time since last request: 28.889585 seconds.
  path: Assets/Scenes/stage3.unity
  artifactKey: Guid(458c463a0fd27bc41aa71a91f089bae9) Importer(815301076,1909f56bfc062723c751e8b465ee728b)
Start importing Assets/Scenes/stage3.unity using Guid(458c463a0fd27bc41aa71a91f089bae9) Importer(815301076,1909f56bfc062723c751e8b465ee728b)  -> (artifact id: '0fd0e3aec97a2ffeff4286c6eab69e1a') in 0.018519 seconds 
  Import took 0.034372 seconds .

========================================================================
Received Import Request.
  Time since last request: 58.481560 seconds.
  path: Assets/Scenes/stage5.unity
  artifactKey: Guid(f32705e7b37a7d54398bd4e5c36662df) Importer(815301076,1909f56bfc062723c751e8b465ee728b)
Start importing Assets/Scenes/stage5.unity using Guid(f32705e7b37a7d54398bd4e5c36662df) Importer(815301076,1909f56bfc062723c751e8b465ee728b)  -> (artifact id: '621eb2f95d5f0d5aeae4fa7e74c714c5') in 0.018453 seconds 
  Import took 0.055499 seconds .

========================================================================
Received Import Request.
  Time since last request: 3.969547 seconds.
  path: Assets/Scenes/stage3.unity
  artifactKey: Guid(458c463a0fd27bc41aa71a91f089bae9) Importer(815301076,1909f56bfc062723c751e8b465ee728b)
Start importing Assets/Scenes/stage3.unity using Guid(458c463a0fd27bc41aa71a91f089bae9) Importer(815301076,1909f56bfc062723c751e8b465ee728b)  -> (artifact id: '4163f062868610d0dcc6793c015789ac') in 0.012368 seconds 
  Import took 0.015775 seconds .

========================================================================
Received Import Request.
  Time since last request: 1.979711 seconds.
  path: Assets/Scenes/stage4.unity
  artifactKey: Guid(da74d597a0a86864299db0f5295c8cdd) Importer(815301076,1909f56bfc062723c751e8b465ee728b)
Start importing Assets/Scenes/stage4.unity using Guid(da74d597a0a86864299db0f5295c8cdd) Importer(815301076,1909f56bfc062723c751e8b465ee728b)  -> (artifact id: 'ea92adc9b91d0db5b80245fb585214ce') in 0.015046 seconds 
  Import took 0.081903 seconds .

========================================================================
Received Import Request.
  Time since last request: 16.292058 seconds.
  path: Assets/Scenes/stage5.unity
  artifactKey: Guid(f32705e7b37a7d54398bd4e5c36662df) Importer(815301076,1909f56bfc062723c751e8b465ee728b)
Start importing Assets/Scenes/stage5.unity using Guid(f32705e7b37a7d54398bd4e5c36662df) Importer(815301076,1909f56bfc062723c751e8b465ee728b)  -> (artifact id: '07bfd91766abf65d4c78b3f1b2e54e34') in 0.007642 seconds 
  Import took 0.030519 seconds .

AssetImportWorkerClient::OnTransportError - code=2 error=End of file
