Using pre-set license
Built from '2020.3/staging' branch; Version is '2020.3.17f1 (a4537701e4ab) revision 10769271'; Using compiler version '192528614'; Build Type 'Release'
OS: 'Windows 10 Home; OS build 19042.1288; Version 2009; 64bit' Language: 'zh' Physical Memory: 12144 MB
BatchMode: 1, IsHumanControllingUs: 0, StartBugReporterOnCrash: 0, Is64bit: 1, IsPro: 0

COMMAND LINE ARGUMENTS:
D:\Unity\Hub\Editor\2020.3.17f1\Editor\Unity.exe
-adb2
-batchMode
-noUpm
-name
AssetImportWorker0
-projectPath
D:/UnityProjects/WalkingSimulator/WalkingSimNew/WalkingSimMain
-logFile
Logs/AssetImportWorker0.log
-srvPort
14482
Successfully changed project path to: D:/UnityProjects/WalkingSimulator/WalkingSimNew/WalkingSimMain
D:/UnityProjects/WalkingSimulator/WalkingSimNew/WalkingSimMain
Using Asset Import Pipeline V2.
Refreshing native plugins compatible for Editor in 40.57 ms, found 2 plugins.
Preloading 0 native plugins for Editor in 0.00 ms.
Initialize engine version: 2020.3.17f1 (a4537701e4ab)
[Subsystems] Discovering subsystems at path D:/Unity/Hub/Editor/2020.3.17f1/Editor/Data/Resources/UnitySubsystems
[Subsystems] Discovering subsystems at path D:/UnityProjects/WalkingSimulator/WalkingSimNew/WalkingSimMain/Assets
GfxDevice: creating device client; threaded=0
Direct3D:
    Version:  Direct3D 11.0 [level 11.1]
    Renderer: NVIDIA GeForce GTX 1050 (ID=0x1c8d)
    Vendor:   
    VRAM:     1979 MB
    Driver:   26.21.14.4292
Initialize mono
Mono path[0] = 'D:/Unity/Hub/Editor/2020.3.17f1/Editor/Data/Managed'
Mono path[1] = 'D:/Unity/Hub/Editor/2020.3.17f1/Editor/Data/MonoBleedingEdge/lib/mono/unityjit'
Mono config path = 'D:/Unity/Hub/Editor/2020.3.17f1/Editor/Data/MonoBleedingEdge/etc'
Using monoOptions --debugger-agent=transport=dt_socket,embedding=1,server=y,suspend=n,address=127.0.0.1:56284
Begin MonoManager ReloadAssembly
Registering precompiled unity dll's ...
Register platform support module: D:/Unity/Hub/Editor/2020.3.17f1/Editor/Data/PlaybackEngines/WebGLSupport/UnityEditor.WebGL.Extensions.dll
Register platform support module: D:/Unity/Hub/Editor/2020.3.17f1/Editor/Data/PlaybackEngines/WindowsStandaloneSupport/UnityEditor.WindowsStandalone.Extensions.dll
Registered in 0.001295 seconds.
Native extension for WindowsStandalone target not found
Native extension for WebGL target not found
Refreshing native plugins compatible for Editor in 34.69 ms, found 2 plugins.
Preloading 0 native plugins for Editor in 0.00 ms.
Mono: successfully reloaded assembly
- Completed reload, in  1.059 seconds
Domain Reload Profiling:
	ReloadAssembly (1059ms)
		BeginReloadAssembly (52ms)
			ExecutionOrderSort (0ms)
			DisableScriptedObjects (0ms)
			BackupInstance (0ms)
			ReleaseScriptingObjects (0ms)
			CreateAndSetChildDomain (1ms)
		EndReloadAssembly (415ms)
			LoadAssemblies (52ms)
			RebuildTransferFunctionScriptingTraits (0ms)
			SetupTypeCache (158ms)
			ReleaseScriptCaches (0ms)
			RebuildScriptCaches (34ms)
			SetupLoadedEditorAssemblies (159ms)
				LogAssemblyErrors (0ms)
				InitializePlatformSupportModulesInManaged (4ms)
				SetLoadedEditorAssemblies (0ms)
				RefreshPlugins (35ms)
				BeforeProcessingInitializeOnLoad (16ms)
				ProcessInitializeOnLoadAttributes (77ms)
				ProcessInitializeOnLoadMethodAttributes (26ms)
				AfterProcessingInitializeOnLoad (0ms)
				EditorAssembliesLoaded (0ms)
			ExecutionOrderSort2 (0ms)
			AwakeInstancesAfterBackupRestoration (0ms)
Platform modules already initialized, skipping
Registering precompiled user dll's ...
Registered in 0.002948 seconds.
Begin MonoManager ReloadAssembly
Native extension for WindowsStandalone target not found
Native extension for WebGL target not found
Refreshing native plugins compatible for Editor in 0.37 ms, found 2 plugins.
Preloading 0 native plugins for Editor in 0.00 ms.
Mono: successfully reloaded assembly
- Completed reload, in  1.125 seconds
Domain Reload Profiling:
	ReloadAssembly (1126ms)
		BeginReloadAssembly (140ms)
			ExecutionOrderSort (0ms)
			DisableScriptedObjects (4ms)
			BackupInstance (0ms)
			ReleaseScriptingObjects (0ms)
			CreateAndSetChildDomain (18ms)
		EndReloadAssembly (931ms)
			LoadAssemblies (84ms)
			RebuildTransferFunctionScriptingTraits (0ms)
			SetupTypeCache (285ms)
			ReleaseScriptCaches (0ms)
			RebuildScriptCaches (44ms)
			SetupLoadedEditorAssemblies (430ms)
				LogAssemblyErrors (0ms)
				InitializePlatformSupportModulesInManaged (5ms)
				SetLoadedEditorAssemblies (0ms)
				RefreshPlugins (0ms)
				BeforeProcessingInitializeOnLoad (79ms)
				ProcessInitializeOnLoadAttributes (338ms)
				ProcessInitializeOnLoadMethodAttributes (4ms)
				AfterProcessingInitializeOnLoad (3ms)
				EditorAssembliesLoaded (0ms)
			ExecutionOrderSort2 (0ms)
			AwakeInstancesAfterBackupRestoration (7ms)
Platform modules already initialized, skipping
========================================================================
Worker process is ready to serve import requests
Launched and connected shader compiler UnityShaderCompiler.exe after 0.10 seconds
Refreshing native plugins compatible for Editor in 0.62 ms, found 2 plugins.
Preloading 0 native plugins for Editor in 0.00 ms.
Unloading 1797 Unused Serialized files (Serialized files now loaded: 0)
System memory in use before: 172.1 MB.
System memory in use after: 172.2 MB.

Unloading 17 unused Assets to reduce memory usage. Loaded Objects now: 2255.
Total: 3.355900 ms (FindLiveObjects: 0.208100 ms CreateObjectMapping: 0.072100 ms MarkObjects: 3.044700 ms  DeleteObjects: 0.029700 ms)

AssetImportParameters requested are different than current active one (requested -> active):
  custom:framework-win-MediaFoundation: 216162199b28c13a410421893ffa2e32 -> 
  custom:video-decoder-ogg-theora: a1e56fd34408186e4bbccfd4996cb3dc -> 
  custom:container-muxer-webm: aa71ff27fc2769a1b78a27578f13a17b -> 
  custom:container-demuxer-webm: 4f35f7cbe854078d1ac9338744f61a02 -> 
  custom:container-demuxer-ogg: 62fdf1f143b41e24485cea50d1cbac27 -> 
  custom:video-encoder-webm-vp8: eb34c28f22e8b96e1ab97ce403110664 -> 
  custom:video-decoder-webm-vp8: 9c59270c3fd7afecdb556c50c9e8de78 -> 
  custom:audio-decoder-ogg-vorbis: bf7c407c2cedff20999df2af8eb42d56 -> 
  custom:audio-encoder-webm-vorbis: bf7c407c2cedff20999df2af8eb42d56 -> 
========================================================================
Received Import Request.
  path: Assets/Scenes/swathiScene 2.unity
  artifactKey: Guid(458c463a0fd27bc41aa71a91f089bae9) Importer(815301076,1909f56bfc062723c751e8b465ee728b)
Start importing Assets/Scenes/swathiScene 2.unity using Guid(458c463a0fd27bc41aa71a91f089bae9) Importer(815301076,1909f56bfc062723c751e8b465ee728b)  -> (artifact id: 'f91ebddeed27eb132c2afc356796b5ec') in 0.023286 seconds 
  Import took 0.026485 seconds .

========================================================================
Received Import Request.
  Time since last request: 3.521663 seconds.
  path: Assets/Scenes/swathiScene 3.unity
  artifactKey: Guid(da74d597a0a86864299db0f5295c8cdd) Importer(815301076,1909f56bfc062723c751e8b465ee728b)
Start importing Assets/Scenes/swathiScene 3.unity using Guid(da74d597a0a86864299db0f5295c8cdd) Importer(815301076,1909f56bfc062723c751e8b465ee728b)  -> (artifact id: '1cce4cd3ea1c1e5cd891a0d8600e3d25') in 0.002973 seconds 
  Import took 0.006550 seconds .

========================================================================
Received Import Request.
  Time since last request: 1.579782 seconds.
  path: Assets/Scenes/swathiScene 4.unity
  artifactKey: Guid(f32705e7b37a7d54398bd4e5c36662df) Importer(815301076,1909f56bfc062723c751e8b465ee728b)
Start importing Assets/Scenes/swathiScene 4.unity using Guid(f32705e7b37a7d54398bd4e5c36662df) Importer(815301076,1909f56bfc062723c751e8b465ee728b)  -> (artifact id: '28094a23db6a9ece33b997c85ae73bfb') in 0.002887 seconds 
  Import took 0.007345 seconds .

========================================================================
Received Import Request.
  Time since last request: 0.003253 seconds.
  path: Assets/Scenes/swathiScene 4.unity
  artifactKey: Guid(f32705e7b37a7d54398bd4e5c36662df) Importer(815301076,1909f56bfc062723c751e8b465ee728b)
Start importing Assets/Scenes/swathiScene 4.unity using Guid(f32705e7b37a7d54398bd4e5c36662df) Importer(815301076,1909f56bfc062723c751e8b465ee728b)  -> (artifact id: '28094a23db6a9ece33b997c85ae73bfb') in 0.002844 seconds 
  Import took 0.006369 seconds .

========================================================================
Received Import Request.
  Time since last request: 13.032871 seconds.
  path: Assets/Scenes/stage1.unity
  artifactKey: Guid(5f7555ea3577ebe43a89193b0b429743) Importer(815301076,1909f56bfc062723c751e8b465ee728b)
Start importing Assets/Scenes/stage1.unity using Guid(5f7555ea3577ebe43a89193b0b429743) Importer(815301076,1909f56bfc062723c751e8b465ee728b)  -> (artifact id: '29442efe7b5d2c6ecfbad34f334ca062') in 0.003541 seconds 
  Import took 0.007175 seconds .

========================================================================
Received Import Request.
  Time since last request: 6.704223 seconds.
  path: Assets/Scenes/stage2.unity
  artifactKey: Guid(98f596b9653dfe84c875fa7006399835) Importer(815301076,1909f56bfc062723c751e8b465ee728b)
Start importing Assets/Scenes/stage2.unity using Guid(98f596b9653dfe84c875fa7006399835) Importer(815301076,1909f56bfc062723c751e8b465ee728b)  -> (artifact id: 'ea342778975b6b45be776d4f49685e0a') in 0.002743 seconds 
  Import took 0.006579 seconds .

========================================================================
Received Import Request.
  Time since last request: 3.583312 seconds.
  path: Assets/Scenes/stage3.unity
  artifactKey: Guid(458c463a0fd27bc41aa71a91f089bae9) Importer(815301076,1909f56bfc062723c751e8b465ee728b)
Start importing Assets/Scenes/stage3.unity using Guid(458c463a0fd27bc41aa71a91f089bae9) Importer(815301076,1909f56bfc062723c751e8b465ee728b)  -> (artifact id: '1adefd81b93bed92dd29da64feb5eed2') in 0.003634 seconds 
  Import took 0.007789 seconds .

========================================================================
Received Import Request.
  Time since last request: 7.321030 seconds.
  path: Assets/Scenes/stage4.unity
  artifactKey: Guid(da74d597a0a86864299db0f5295c8cdd) Importer(815301076,1909f56bfc062723c751e8b465ee728b)
Start importing Assets/Scenes/stage4.unity using Guid(da74d597a0a86864299db0f5295c8cdd) Importer(815301076,1909f56bfc062723c751e8b465ee728b)  -> (artifact id: '5e977687a81ebac04319212f3be1703f') in 0.002743 seconds 
  Import took 0.007606 seconds .

========================================================================
Received Import Request.
  Time since last request: 4.147264 seconds.
  path: Assets/Scenes/stage5.unity
  artifactKey: Guid(f32705e7b37a7d54398bd4e5c36662df) Importer(815301076,1909f56bfc062723c751e8b465ee728b)
Start importing Assets/Scenes/stage5.unity using Guid(f32705e7b37a7d54398bd4e5c36662df) Importer(815301076,1909f56bfc062723c751e8b465ee728b)  -> (artifact id: '989e92755fc50a6bd04079546db36920') in 0.003353 seconds 
  Import took 0.008202 seconds .

========================================================================
Received Import Request.
  Time since last request: 3.785083 seconds.
  path: Assets/Scripts/buttonappear.cs
  artifactKey: Guid(b21fc7f04904609438b7085bda918d40) Importer(815301076,1909f56bfc062723c751e8b465ee728b)
Start importing Assets/Scripts/buttonappear.cs using Guid(b21fc7f04904609438b7085bda918d40) Importer(815301076,1909f56bfc062723c751e8b465ee728b)  -> (artifact id: '5620df3463eece77c429aeeaba13e5f9') in 0.046830 seconds 
  Import took 0.049848 seconds .

========================================================================
Received Import Request.
  Time since last request: 0.032556 seconds.
  path: Assets/Scripts/buttonappear.cs
  artifactKey: Guid(b21fc7f04904609438b7085bda918d40) Importer(815301076,1909f56bfc062723c751e8b465ee728b)
Start importing Assets/Scripts/buttonappear.cs using Guid(b21fc7f04904609438b7085bda918d40) Importer(815301076,1909f56bfc062723c751e8b465ee728b)  -> (artifact id: '5620df3463eece77c429aeeaba13e5f9') in 0.002607 seconds 
  Import took 0.005769 seconds .

AssetImportWorkerClient::OnTransportError - code=2 error=End of file
